[2012-03-25 21:25:32] request.ERROR: Symfony\Component\HttpKernel\Exception\NotFoundHttpException: No route found for "GET /hello/" (uncaught exception) at /home/dphoyes/web_devel/union.ic.ac.uk/www/arts/stringensemble/Symfony/app/cache/prod/classes.php line 4564 [] []
[2012-03-25 22:24:08] request.ERROR: Symfony\Component\HttpKernel\Exception\NotFoundHttpException: No route found for "GET /" (uncaught exception) at /home/dphoyes/web_devel/union.ic.ac.uk/www/arts/stringensemble/Symfony/app/cache/prod/classes.php line 4564 [] []
[2012-03-25 23:27:01] request.ERROR: Symfony\Component\HttpKernel\Exception\NotFoundHttpException: No route found for "GET /" (uncaught exception) at /home/dphoyes/web_devel/union.ic.ac.uk/www/arts/stringensemble/Symfony/app/cache/prod/classes.php line 4564 [] []
[2012-03-25 23:28:47] request.ERROR: Symfony\Component\HttpKernel\Exception\NotFoundHttpException: No route found for "GET /helloworld/david" (uncaught exception) at /home/dphoyes/web_devel/union.ic.ac.uk/www/arts/stringensemble/Symfony/app/cache/prod/classes.php line 4564 [] []
[2012-03-25 23:42:07] request.ERROR: Symfony\Component\HttpKernel\Exception\NotFoundHttpException: No route found for "GET /" (uncaught exception) at /home/dphoyes/web_devel/union.ic.ac.uk/www/arts/stringensemble/Symfony/app/cache/prod/classes.php line 4564 [] []
[2012-03-25 23:42:41] request.ERROR: Symfony\Component\HttpKernel\Exception\NotFoundHttpException: No route found for "GET /" (uncaught exception) at /home/dphoyes/web_devel/union.ic.ac.uk/www/arts/stringensemble/Symfony/app/cache/prod/classes.php line 4564 [] []
[2012-03-25 23:42:43] request.ERROR: Symfony\Component\HttpKernel\Exception\NotFoundHttpException: No route found for "GET /hello/dgs" (uncaught exception) at /home/dphoyes/web_devel/union.ic.ac.uk/www/arts/stringensemble/Symfony/app/cache/prod/classes.php line 4564 [] []
[2012-03-25 23:42:46] request.ERROR: Symfony\Component\HttpKernel\Exception\NotFoundHttpException: No route found for "GET /hello/dgs" (uncaught exception) at /home/dphoyes/web_devel/union.ic.ac.uk/www/arts/stringensemble/Symfony/app/cache/prod/classes.php line 4564 [] []
[2012-03-25 23:47:09] request.ERROR: Symfony\Component\HttpKernel\Exception\NotFoundHttpException: No route found for "GET /" (uncaught exception) at /home/dphoyes/web_devel/union.ic.ac.uk/www/arts/stringensemble/Symfony/app/cache/prod/classes.php line 4564 [] []
[2012-03-25 23:48:04] request.ERROR: Symfony\Component\HttpKernel\Exception\NotFoundHttpException: No route found for "GET /" (uncaught exception) at /home/dphoyes/web_devel/union.ic.ac.uk/www/arts/stringensemble/Symfony/app/cache/prod/classes.php line 4564 [] []
[2012-03-25 23:48:11] request.ERROR: Symfony\Component\HttpKernel\Exception\NotFoundHttpException: No route found for "GET /" (uncaught exception) at /home/dphoyes/web_devel/union.ic.ac.uk/www/arts/stringensemble/Symfony/app/cache/prod/classes.php line 4564 [] []
[2012-03-26 00:12:32] request.ERROR: Symfony\Component\HttpKernel\Exception\NotFoundHttpException: No route found for "GET //fgdfg" (uncaught exception) at /home/dphoyes/web_devel/union.ic.ac.uk/www/arts/stringensemble/Symfony/app/cache/prod/classes.php line 4564 [] []
[2012-03-26 00:12:53] request.ERROR: Symfony\Component\HttpKernel\Exception\NotFoundHttpException: No route found for "GET //fgdfg" (uncaught exception) at /home/dphoyes/web_devel/union.ic.ac.uk/www/arts/stringensemble/Symfony/vendor/symfony/src/Symfony/Bundle/FrameworkBundle/EventListener/RouterListener.php line 83 [] []
[2012-03-26 00:13:01] request.ERROR: Symfony\Component\HttpKernel\Exception\NotFoundHttpException: No route found for "GET /arts//stringensemble/fgdfg" (uncaught exception) at /home/dphoyes/web_devel/union.ic.ac.uk/www/arts/stringensemble/Symfony/app/cache/prod/classes.php line 4564 [] []
[2012-03-26 00:13:16] request.ERROR: Symfony\Component\HttpKernel\Exception\NotFoundHttpException: No route found for "GET /" (uncaught exception) at /home/dphoyes/web_devel/union.ic.ac.uk/www/arts/stringensemble/Symfony/app/cache/prod/classes.php line 4564 [] []
[2012-03-26 00:14:08] request.ERROR: Symfony\Component\HttpKernel\Exception\NotFoundHttpException: No route found for "GET /" (uncaught exception) at /home/dphoyes/web_devel/union.ic.ac.uk/www/arts/stringensemble/Symfony/app/cache/prod/classes.php line 4564 [] []
[2012-03-26 00:14:51] request.ERROR: Symfony\Component\HttpKernel\Exception\NotFoundHttpException: No route found for "GET /" (uncaught exception) at /home/dphoyes/web_devel/union.ic.ac.uk/www/arts/stringensemble/Symfony/app/cache/prod/classes.php line 4564 [] []
[2012-03-26 00:15:04] request.ERROR: Symfony\Component\HttpKernel\Exception\NotFoundHttpException: No route found for "GET /" (uncaught exception) at /home/dphoyes/web_devel/union.ic.ac.uk/www/arts/stringensemble/Symfony/app/cache/prod/classes.php line 4564 [] []
[2012-03-26 00:15:05] request.ERROR: Symfony\Component\HttpKernel\Exception\NotFoundHttpException: No route found for "GET /" (uncaught exception) at /home/dphoyes/web_devel/union.ic.ac.uk/www/arts/stringensemble/Symfony/app/cache/prod/classes.php line 4564 [] []
[2012-03-26 00:54:43] request.ERROR: Symfony\Component\HttpKernel\Exception\NotFoundHttpException: No route found for "GET /bundles/framework/css/exception_layout.css" (uncaught exception) at /home/dphoyes/web_devel/union.ic.ac.uk/www/arts/stringensemble/Symfony/app/cache/prod/classes.php line 4564 [] []
[2012-03-26 00:54:43] request.ERROR: Symfony\Component\HttpKernel\Exception\NotFoundHttpException: No route found for "GET /bundles/framework/images/grey_magnifier.png" (uncaught exception) at /home/dphoyes/web_devel/union.ic.ac.uk/www/arts/stringensemble/Symfony/app/cache/prod/classes.php line 4564 [] []
[2012-03-26 00:54:43] request.ERROR: Symfony\Component\HttpKernel\Exception\NotFoundHttpException: No route found for "GET /bundles/framework/css/exception.css" (uncaught exception) at /home/dphoyes/web_devel/union.ic.ac.uk/www/arts/stringensemble/Symfony/app/cache/prod/classes.php line 4564 [] []
[2012-03-26 00:54:43] request.ERROR: Symfony\Component\HttpKernel\Exception\NotFoundHttpException: No route found for "GET /bundles/framework/images/logo_symfony.gif" (uncaught exception) at /home/dphoyes/web_devel/union.ic.ac.uk/www/arts/stringensemble/Symfony/app/cache/prod/classes.php line 4564 [] []
[2012-03-26 00:54:43] request.ERROR: Symfony\Component\HttpKernel\Exception\NotFoundHttpException: No route found for "GET /bundles/framework/images/open_quote.gif" (uncaught exception) at /home/dphoyes/web_devel/union.ic.ac.uk/www/arts/stringensemble/Symfony/app/cache/prod/classes.php line 4564 [] []
[2012-03-26 00:54:43] request.ERROR: Symfony\Component\HttpKernel\Exception\NotFoundHttpException: No route found for "GET /bundles/framework/images/blue_picto_less.gif" (uncaught exception) at /home/dphoyes/web_devel/union.ic.ac.uk/www/arts/stringensemble/Symfony/app/cache/prod/classes.php line 4564 [] []
[2012-03-26 00:54:43] request.ERROR: Symfony\Component\HttpKernel\Exception\NotFoundHttpException: No route found for "GET /bundles/framework/images/blue_picto_more.gif" (uncaught exception) at /home/dphoyes/web_devel/union.ic.ac.uk/www/arts/stringensemble/Symfony/app/cache/prod/classes.php line 4564 [] []
[2012-03-26 00:54:43] request.ERROR: Symfony\Component\HttpKernel\Exception\NotFoundHttpException: No route found for "GET /bundles/framework/images/close_quote.gif" (uncaught exception) at /home/dphoyes/web_devel/union.ic.ac.uk/www/arts/stringensemble/Symfony/app/cache/prod/classes.php line 4564 [] []
[2012-03-26 00:54:43] request.ERROR: Symfony\Component\HttpKernel\Exception\NotFoundHttpException: No route found for "GET /bundles/framework/images/exception_detected.gif" (uncaught exception) at /home/dphoyes/web_devel/union.ic.ac.uk/www/arts/stringensemble/Symfony/app/cache/prod/classes.php line 4564 [] []
[2012-03-26 01:58:15] request.ERROR: Symfony\Component\HttpKernel\Exception\NotFoundHttpException: No route found for "GET /css/main.css" (uncaught exception) at /home/dphoyes/web_devel/union.ic.ac.uk/www/arts/stringensemble/Symfony/app/cache/prod/classes.php line 4564 [] []
[2012-03-27 17:05:26] request.ERROR: Symfony\Component\HttpKernel\Exception\NotFoundHttpException: No route found for "GET /new/" (uncaught exception) at /home/dphoyes/web_devel/union.ic.ac.uk/www/arts/stringensemble/Symfony/app/cache/prod/classes.php line 4564 [] []
[2012-03-27 17:28:05] request.ERROR: Symfony\Component\HttpKernel\Exception\NotFoundHttpException: No route found for "GET /Resources/public/css/bundles/icsepublic/images/banner_violin.png" (uncaught exception) at /home/dphoyes/web_devel/union.ic.ac.uk/www/arts/stringensemble/Symfony/app/cache/prod/classes.php line 4564 [] []
[2012-03-27 19:43:15] request.ERROR: Symfony\Component\HttpKernel\Exception\NotFoundHttpException: No route found for "GET /index.php" (uncaught exception) at /home/dphoyes/web_devel/union.ic.ac.uk/www/arts/stringensemble/Symfony/app/cache/prod/classes.php line 4564 [] []
[2012-03-27 19:43:18] request.ERROR: Symfony\Component\HttpKernel\Exception\NotFoundHttpException: No route found for "GET /index" (uncaught exception) at /home/dphoyes/web_devel/union.ic.ac.uk/www/arts/stringensemble/Symfony/app/cache/prod/classes.php line 4564 [] []
